<?xml version="1.0" encoding="UTF-8"?>
<!-- Generated by org.testng.reporters.JUnitXMLReporter -->
<testsuite ignored="4" hostname="TMP648-G3-M" failures="0" tests="1" name="Default test" time="7.028" errors="0" timestamp="11 Oct 2021 04:34:09 GMT">
  <testcase classname="dayTwo.NegativeContactListTest" name="notInProperFormat" time="6.942"/>
  <testcase classname="dayTwo.NegativeContactListTest" name="recordNotFound" time="0.0">
    <ignored/>
  </testcase> <!-- recordNotFound -->
  <testcase classname="dayTwo.NegativeContactListTest" name="UpdatingContact" time="0.0">
    <ignored/>
  </testcase> <!-- UpdatingContact -->
  <testcase classname="dayTwo.NegativeContactListTest" name="UpdatingContact2" time="0.0">
    <ignored/>
  </testcase> <!-- UpdatingContact2 -->
  <testcase classname="dayTwo.NegativeContactListTest" name="InvalidFirstName" time="0.0">
    <ignored/>
  </testcase> <!-- InvalidFirstName -->
</testsuite> <!-- Default test -->
