<?xml version="1.0" encoding="UTF-8"?>
<testng-results ignored="4" total="5" passed="1" failed="0" skipped="0">
  <reporter-output>
  </reporter-output>
  <suite started-at="2021-10-11T04:34:02Z" name="Default suite" finished-at="2021-10-11T04:34:09Z" duration-ms="7028">
    <groups>
    </groups>
    <test started-at="2021-10-11T04:34:02Z" name="Default test" finished-at="2021-10-11T04:34:09Z" duration-ms="7028">
      <class name="dayTwo.NegativeContactListTest">
        <test-method signature="notInProperFormat()[pri:0, instance:dayTwo.NegativeContactListTest@45a4b042]" started-at="2021-10-11T04:34:02Z" name="notInProperFormat" description="More than the limit" finished-at="2021-10-11T04:34:09Z" duration-ms="6942" status="PASS">
          <reporter-output>
          </reporter-output>
        </test-method> <!-- notInProperFormat -->
      </class> <!-- dayTwo.NegativeContactListTest -->
    </test> <!-- Default test -->
  </suite> <!-- Default suite -->
</testng-results>
