<?xml version="1.0" encoding="UTF-8"?>
<testng-results ignored="0" total="2" passed="2" failed="0" skipped="0">
  <reporter-output>
  </reporter-output>
  <suite started-at="2021-10-12T09:55:38Z" name="Default suite" finished-at="2021-10-12T09:55:38Z" duration-ms="85">
    <groups>
    </groups>
    <test started-at="2021-10-12T09:55:38Z" name="Default test" finished-at="2021-10-12T09:55:38Z" duration-ms="85">
      <class name="dayone.NewTest">
        <test-method signature="f()[pri:0, instance:dayone.NewTest@7674b62c]" started-at="2021-10-12T09:55:38Z" name="f" finished-at="2021-10-12T09:55:38Z" duration-ms="15" status="PASS">
          <reporter-output>
          </reporter-output>
        </test-method> <!-- f -->
        <test-method signature="t()[pri:0, instance:dayone.NewTest@7674b62c]" started-at="2021-10-12T09:55:38Z" name="t" finished-at="2021-10-12T09:55:38Z" duration-ms="2" status="PASS">
          <reporter-output>
          </reporter-output>
        </test-method> <!-- t -->
      </class> <!-- dayone.NewTest -->
    </test> <!-- Default test -->
  </suite> <!-- Default suite -->
</testng-results>
